# JRE version: Java(TM) SE Runtime Environment (8.0_221-b11) (build 1.8.0_221-b11)
# Java VM: Java HotSpot(TM) 64-Bit Server VM (25.221-b11 mixed mode bsd-amd64 compressed oops)
Heap:
 PSYoungGen      total 1253888K, used 919019K [0x000000076ab00000, 0x00000007bfb80000, 0x00000007c0000000)
  eden space 1113088K, 82% used [0x000000076ab00000,0x00000007a2753090,0x00000007aea00000)
  from space 140800K, 3% used [0x00000007b7200000,0x00000007b7727d20,0x00000007bfb80000)
  to   space 139264K, 0% used [0x00000007aea00000,0x00000007aea00000,0x00000007b7200000)
 ParOldGen       total 347136K, used 180210K [0x00000006c0000000, 0x00000006d5300000, 0x000000076ab00000)
  object space 347136K, 51% used [0x00000006c0000000,0x00000006caffca20,0x00000006d5300000)
 Metaspace       used 52358K, capacity 56561K, committed 56832K, reserved 1097728K
  class space    used 7729K, capacity 8940K, committed 8960K, reserved 1048576K
GC Heap History (10 events):
Event: 11.380 GC heap before
{Heap before GC invocations=17 (full 3):
 PSYoungGen      total 889856K, used 789353K [0x000000076ab00000, 0x00000007bd500000, 0x00000007c0000000)
  eden space 724992K, 100% used [0x000000076ab00000,0x0000000796f00000,0x0000000796f00000)
  from space 164864K, 39% used [0x0000000796f00000,0x000000079adda7c8,0x00000007a1000000)
  to   space 156160K, 0% used [0x00000007b3c80000,0x00000007b3c80000,0x00000007bd500000)
 ParOldGen       total 347136K, used 171506K [0x00000006c0000000, 0x00000006d5300000, 0x000000076ab00000)
  object space 347136K, 49% used [0x00000006c0000000,0x00000006ca77c8f0,0x00000006d5300000)
 Metaspace       used 46601K, capacity 50345K, committed 50816K, reserved 1091584K
  class space    used 6771K, capacity 7684K, committed 7808K, reserved 1048576K
Event: 11.432 GC heap after
Heap after GC invocations=17 (full 3):
 PSYoungGen      total 1204224K, used 42769K [0x000000076ab00000, 0x00000007bda00000, 0x00000007c0000000)
  eden space 1048064K, 0% used [0x000000076ab00000,0x000000076ab00000,0x00000007aaa80000)
  from space 156160K, 27% used [0x00000007b3c80000,0x00000007b6644530,0x00000007bd500000)
  to   space 149504K, 0% used [0x00000007aaa80000,0x00000007aaa80000,0x00000007b3c80000)
 ParOldGen       total 347136K, used 174808K [0x00000006c0000000, 0x00000006d5300000, 0x000000076ab00000)
  object space 347136K, 50% used [0x00000006c0000000,0x00000006caab6238,0x00000006d5300000)
 Metaspace       used 46601K, capacity 50345K, committed 50816K, reserved 1091584K
  class space    used 6771K, capacity 7684K, committed 7808K, reserved 1048576K
}
Event: 11.681 GC heap before
{Heap before GC invocations=18 (full 3):
 PSYoungGen      total 1204224K, used 1090833K [0x000000076ab00000, 0x00000007bda00000, 0x00000007c0000000)
  eden space 1048064K, 100% used [0x000000076ab00000,0x00000007aaa80000,0x00000007aaa80000)
  from space 156160K, 27% used [0x00000007b3c80000,0x00000007b6644530,0x00000007bd500000)
  to   space 149504K, 0% used [0x00000007aaa80000,0x00000007aaa80000,0x00000007b3c80000)
 ParOldGen       total 347136K, used 174820K [0x00000006c0000000, 0x00000006d5300000, 0x000000076ab00000)
  object space 347136K, 50% used [0x00000006c0000000,0x00000006caab9360,0x00000006d5300000)
 Metaspace       used 46684K, capacity 50445K, committed 50816K, reserved 1091584K
  class space    used 6789K, capacity 7716K, committed 7808K, reserved 1048576K
Event: 11.764 GC heap after
Heap after GC invocations=18 (full 3):
 PSYoungGen      total 1197568K, used 67774K [0x000000076ab00000, 0x00000007bee80000, 0x00000007c0000000)
  eden space 1048064K, 0% used [0x000000076ab00000,0x000000076ab00000,0x00000007aaa80000)
  from space 149504K, 45% used [0x00000007aaa80000,0x00000007aecafac8,0x00000007b3c80000)
  to   space 143872K, 0% used [0x00000007b6200000,0x00000007b6200000,0x00000007bee80000)
 ParOldGen       total 347136K, used 176156K [0x00000006c0000000, 0x00000006d5300000, 0x000000076ab00000)
  object space 347136K, 50% used [0x00000006c0000000,0x00000006cac07380,0x00000006d5300000)
 Metaspace       used 46684K, capacity 50445K, committed 50816K, reserved 1091584K
  class space    used 6789K, capacity 7716K, committed 7808K, reserved 1048576K
}
Event: 11.970 GC heap before
{Heap before GC invocations=19 (full 3):
 PSYoungGen      total 1197568K, used 1115838K [0x000000076ab00000, 0x00000007bee80000, 0x00000007c0000000)
  eden space 1048064K, 100% used [0x000000076ab00000,0x00000007aaa80000,0x00000007aaa80000)
  from space 149504K, 45% used [0x00000007aaa80000,0x00000007aecafac8,0x00000007b3c80000)
  to   space 143872K, 0% used [0x00000007b6200000,0x00000007b6200000,0x00000007bee80000)
 ParOldGen       total 347136K, used 176157K [0x00000006c0000000, 0x00000006d5300000, 0x000000076ab00000)
  object space 347136K, 50% used [0x00000006c0000000,0x00000006cac07770,0x00000006d5300000)
 Metaspace       used 47655K, capacity 51473K, committed 51840K, reserved 1093632K
  class space    used 6983K, capacity 7988K, committed 8064K, reserved 1048576K
Event: 11.993 GC heap after
Heap after GC invocations=19 (full 3):
 PSYoungGen      total 1237504K, used 20433K [0x000000076ab00000, 0x00000007bf780000, 0x00000007c0000000)
  eden space 1093632K, 0% used [0x000000076ab00000,0x000000076ab00000,0x00000007ad700000)
  from space 143872K, 14% used [0x00000007b6200000,0x00000007b75f46c0,0x00000007bee80000)
  to   space 142336K, 0% used [0x00000007ad700000,0x00000007ad700000,0x00000007b6200000)
 ParOldGen       total 347136K, used 177340K [0x00000006c0000000, 0x00000006d5300000, 0x000000076ab00000)
  object space 347136K, 51% used [0x00000006c0000000,0x00000006cad2f0d8,0x00000006d5300000)
 Metaspace       used 47655K, capacity 51473K, committed 51840K, reserved 1093632K
  class space    used 6983K, capacity 7988K, committed 8064K, reserved 1048576K
}
Event: 12.267 GC heap before
{Heap before GC invocations=20 (full 3):
 PSYoungGen      total 1237504K, used 1114065K [0x000000076ab00000, 0x00000007bf780000, 0x00000007c0000000)
  eden space 1093632K, 100% used [0x000000076ab00000,0x00000007ad700000,0x00000007ad700000)
  from space 143872K, 14% used [0x00000007b6200000,0x00000007b75f46c0,0x00000007bee80000)
  to   space 142336K, 0% used [0x00000007ad700000,0x00000007ad700000,0x00000007b6200000)
 ParOldGen       total 347136K, used 177340K [0x00000006c0000000, 0x00000006d5300000, 0x000000076ab00000)
  object space 347136K, 51% used [0x00000006c0000000,0x00000006cad2f0d8,0x00000006d5300000)
 Metaspace       used 49403K, capacity 53309K, committed 53632K, reserved 1095680K
  class space    used 7259K, capacity 8304K, committed 8320K, reserved 1048576K
Event: 12.279 GC heap after
Heap after GC invocations=20 (full 3):
 PSYoungGen      total 1235968K, used 12581K [0x000000076ab00000, 0x00000007bfb80000, 0x00000007c0000000)
  eden space 1093632K, 0% used [0x000000076ab00000,0x000000076ab00000,0x00000007ad700000)
  from space 142336K, 8% used [0x00000007ad700000,0x00000007ae349568,0x00000007b6200000)
  to   space 140800K, 0% used [0x00000007b7200000,0x00000007b7200000,0x00000007bfb80000)
 ParOldGen       total 347136K, used 178842K [0x00000006c0000000, 0x00000006d5300000, 0x000000076ab00000)
  object space 347136K, 51% used [0x00000006c0000000,0x00000006caea6a10,0x00000006d5300000)
 Metaspace       used 49403K, capacity 53309K, committed 53632K, reserved 1095680K
  class space    used 7259K, capacity 8304K, committed 8320K, reserved 1048576K
}
Event: 12.496 GC heap before
{Heap before GC invocations=21 (full 3):
 PSYoungGen      total 1235968K, used 1106213K [0x000000076ab00000, 0x00000007bfb80000, 0x00000007c0000000)
  eden space 1093632K, 100% used [0x000000076ab00000,0x00000007ad700000,0x00000007ad700000)
  from space 142336K, 8% used [0x00000007ad700000,0x00000007ae349568,0x00000007b6200000)
  to   space 140800K, 0% used [0x00000007b7200000,0x00000007b7200000,0x00000007bfb80000)
 ParOldGen       total 347136K, used 178842K [0x00000006c0000000, 0x00000006d5300000, 0x000000076ab00000)
  object space 347136K, 51% used [0x00000006c0000000,0x00000006caea6a10,0x00000006d5300000)
 Metaspace       used 50746K, capacity 54807K, committed 55296K, reserved 1095680K
  class space    used 7505K, capacity 8621K, committed 8704K, reserved 1048576K
Event: 12.503 GC heap after
Heap after GC invocations=21 (full 3):
 PSYoungGen      total 1253888K, used 5279K [0x000000076ab00000, 0x00000007bfb80000, 0x00000007c0000000)
  eden space 1113088K, 0% used [0x000000076ab00000,0x000000076ab00000,0x00000007aea00000)
  from space 140800K, 3% used [0x00000007b7200000,0x00000007b7727d20,0x00000007bfb80000)
  to   space 139264K, 0% used [0x00000007aea00000,0x00000007aea00000,0x00000007b7200000)
 ParOldGen       total 347136K, used 180210K [0x00000006c0000000, 0x00000006d5300000, 0x000000076ab00000)
  object space 347136K, 51% used [0x00000006c0000000,0x00000006caffca20,0x00000006d5300000)
 Metaspace       used 50746K, capacity 54807K, committed 55296K, reserved 1095680K
  class space    used 7505K, capacity 8621K, committed 8704K, reserved 1048576K
}

