# JRE version: Java(TM) SE Runtime Environment (8.0_221-b11) (build 1.8.0_221-b11)
# Java VM: Java HotSpot(TM) 64-Bit Server VM (25.221-b11 mixed mode bsd-amd64 compressed oops)
Heap:
 PSYoungGen      total 1209344K, used 153333K [0x000000076ab00000, 0x00000007bf700000, 0x00000007c0000000)
  eden space 1041408K, 13% used [0x000000076ab00000,0x0000000773380550,0x00000007aa400000)
  from space 167936K, 8% used [0x00000007b5300000,0x00000007b603d188,0x00000007bf700000)
  to   space 173568K, 0% used [0x00000007aa400000,0x00000007aa400000,0x00000007b4d80000)
 ParOldGen       total 413696K, used 260598K [0x00000006c0000000, 0x00000006d9400000, 0x000000076ab00000)
  object space 413696K, 62% used [0x00000006c0000000,0x00000006cfe7d988,0x00000006d9400000)
 Metaspace       used 52355K, capacity 56557K, committed 56832K, reserved 1097728K
  class space    used 7729K, capacity 8940K, committed 8960K, reserved 1048576K
GC Heap History (10 events):
Event: 11.410 GC heap before
{Heap before GC invocations=15 (full 3):
 PSYoungGen      total 687104K, used 512000K [0x000000076ab00000, 0x00000007b1480000, 0x00000007c0000000)
  eden space 512000K, 100% used [0x000000076ab00000,0x0000000789f00000,0x0000000789f00000)
  from space 175104K, 0% used [0x0000000789f00000,0x0000000789f00000,0x0000000794a00000)
  to   space 196608K, 0% used [0x00000007a5480000,0x00000007a5480000,0x00000007b1480000)
 ParOldGen       total 413696K, used 234715K [0x00000006c0000000, 0x00000006d9400000, 0x000000076ab00000)
  object space 413696K, 56% used [0x00000006c0000000,0x00000006ce536df8,0x00000006d9400000)
 Metaspace       used 46636K, capacity 50377K, committed 50816K, reserved 1091584K
  class space    used 6779K, capacity 7716K, committed 7808K, reserved 1048576K
Event: 11.520 GC heap after
Heap after GC invocations=15 (full 3):
 PSYoungGen      total 914944K, used 83427K [0x000000076ab00000, 0x00000007af700000, 0x00000007c0000000)
  eden space 748544K, 0% used [0x000000076ab00000,0x000000076ab00000,0x0000000798600000)
  from space 166400K, 50% used [0x00000007a5480000,0x00000007aa5f8c78,0x00000007af700000)
  to   space 188928K, 0% used [0x0000000798600000,0x0000000798600000,0x00000007a3e80000)
 ParOldGen       total 413696K, used 234723K [0x00000006c0000000, 0x00000006d9400000, 0x000000076ab00000)
  object space 413696K, 56% used [0x00000006c0000000,0x00000006ce538df8,0x00000006d9400000)
 Metaspace       used 46636K, capacity 50377K, committed 50816K, reserved 1091584K
  class space    used 6779K, capacity 7716K, committed 7808K, reserved 1048576K
}
Event: 11.776 GC heap before
{Heap before GC invocations=16 (full 3):
 PSYoungGen      total 914944K, used 831971K [0x000000076ab00000, 0x00000007af700000, 0x00000007c0000000)
  eden space 748544K, 100% used [0x000000076ab00000,0x0000000798600000,0x0000000798600000)
  from space 166400K, 50% used [0x00000007a5480000,0x00000007aa5f8c78,0x00000007af700000)
  to   space 188928K, 0% used [0x0000000798600000,0x0000000798600000,0x00000007a3e80000)
 ParOldGen       total 413696K, used 234723K [0x00000006c0000000, 0x00000006d9400000, 0x000000076ab00000)
  object space 413696K, 56% used [0x00000006c0000000,0x00000006ce538df8,0x00000006d9400000)
 Metaspace       used 47229K, capacity 50997K, committed 51456K, reserved 1093632K
  class space    used 6891K, capacity 7848K, committed 7936K, reserved 1048576K
Event: 11.856 GC heap after
Heap after GC invocations=16 (full 3):
 PSYoungGen      total 937472K, used 55602K [0x000000076ab00000, 0x00000007c0000000, 0x00000007c0000000)
  eden space 748544K, 0% used [0x000000076ab00000,0x000000076ab00000,0x0000000798600000)
  from space 188928K, 29% used [0x0000000798600000,0x000000079bc4c988,0x00000007a3e80000)
  to   space 180224K, 0% used [0x00000007b5000000,0x00000007b5000000,0x00000007c0000000)
 ParOldGen       total 413696K, used 254209K [0x00000006c0000000, 0x00000006d9400000, 0x000000076ab00000)
  object space 413696K, 61% used [0x00000006c0000000,0x00000006cf840730,0x00000006d9400000)
 Metaspace       used 47229K, capacity 50997K, committed 51456K, reserved 1093632K
  class space    used 6891K, capacity 7848K, committed 7936K, reserved 1048576K
}
Event: 12.081 GC heap before
{Heap before GC invocations=17 (full 3):
 PSYoungGen      total 937472K, used 804146K [0x000000076ab00000, 0x00000007c0000000, 0x00000007c0000000)
  eden space 748544K, 100% used [0x000000076ab00000,0x0000000798600000,0x0000000798600000)
  from space 188928K, 29% used [0x0000000798600000,0x000000079bc4c988,0x00000007a3e80000)
  to   space 180224K, 0% used [0x00000007b5000000,0x00000007b5000000,0x00000007c0000000)
 ParOldGen       total 413696K, used 254209K [0x00000006c0000000, 0x00000006d9400000, 0x000000076ab00000)
  object space 413696K, 61% used [0x00000006c0000000,0x00000006cf840730,0x00000006d9400000)
 Metaspace       used 48651K, capacity 52507K, committed 52992K, reserved 1093632K
  class space    used 7138K, capacity 8137K, committed 8192K, reserved 1048576K
Event: 12.094 GC heap after
Heap after GC invocations=17 (full 3):
 PSYoungGen      total 1198080K, used 10985K [0x000000076ab00000, 0x00000007bf580000, 0x00000007c0000000)
  eden space 1028608K, 0% used [0x000000076ab00000,0x000000076ab00000,0x00000007a9780000)
  from space 169472K, 6% used [0x00000007b5000000,0x00000007b5aba550,0x00000007bf580000)
  to   space 179200K, 0% used [0x00000007a9780000,0x00000007a9780000,0x00000007b4680000)
 ParOldGen       total 413696K, used 257217K [0x00000006c0000000, 0x00000006d9400000, 0x000000076ab00000)
  object space 413696K, 62% used [0x00000006c0000000,0x00000006cfb30760,0x00000006d9400000)
 Metaspace       used 48651K, capacity 52507K, committed 52992K, reserved 1093632K
  class space    used 7138K, capacity 8137K, committed 8192K, reserved 1048576K
}
Event: 12.367 GC heap before
{Heap before GC invocations=18 (full 3):
 PSYoungGen      total 1198080K, used 1039593K [0x000000076ab00000, 0x00000007bf580000, 0x00000007c0000000)
  eden space 1028608K, 100% used [0x000000076ab00000,0x00000007a9780000,0x00000007a9780000)
  from space 169472K, 6% used [0x00000007b5000000,0x00000007b5aba550,0x00000007bf580000)
  to   space 179200K, 0% used [0x00000007a9780000,0x00000007a9780000,0x00000007b4680000)
 ParOldGen       total 413696K, used 257217K [0x00000006c0000000, 0x00000006d9400000, 0x000000076ab00000)
  object space 413696K, 62% used [0x00000006c0000000,0x00000006cfb30760,0x00000006d9400000)
 Metaspace       used 50390K, capacity 54343K, committed 54656K, reserved 1095680K
  class space    used 7437K, capacity 8535K, committed 8576K, reserved 1048576K
Event: 12.376 GC heap after
Heap after GC invocations=18 (full 3):
 PSYoungGen      total 1207808K, used 8388K [0x000000076ab00000, 0x00000007c0000000, 0x00000007c0000000)
  eden space 1028608K, 0% used [0x000000076ab00000,0x000000076ab00000,0x00000007a9780000)
  from space 179200K, 4% used [0x00000007a9780000,0x00000007a9fb1190,0x00000007b4680000)
  to   space 177152K, 0% used [0x00000007b5300000,0x00000007b5300000,0x00000007c0000000)
 ParOldGen       total 413696K, used 259705K [0x00000006c0000000, 0x00000006d9400000, 0x000000076ab00000)
  object space 413696K, 62% used [0x00000006c0000000,0x00000006cfd9e770,0x00000006d9400000)
 Metaspace       used 50390K, capacity 54343K, committed 54656K, reserved 1095680K
  class space    used 7437K, capacity 8535K, committed 8576K, reserved 1048576K
}
Event: 12.621 GC heap before
{Heap before GC invocations=19 (full 3):
 PSYoungGen      total 1207808K, used 1036996K [0x000000076ab00000, 0x00000007c0000000, 0x00000007c0000000)
  eden space 1028608K, 100% used [0x000000076ab00000,0x00000007a9780000,0x00000007a9780000)
  from space 179200K, 4% used [0x00000007a9780000,0x00000007a9fb1190,0x00000007b4680000)
  to   space 177152K, 0% used [0x00000007b5300000,0x00000007b5300000,0x00000007c0000000)
 ParOldGen       total 413696K, used 259705K [0x00000006c0000000, 0x00000006d9400000, 0x000000076ab00000)
  object space 413696K, 62% used [0x00000006c0000000,0x00000006cfd9e770,0x00000006d9400000)
 Metaspace       used 52354K, capacity 56557K, committed 56832K, reserved 1097728K
  class space    used 7729K, capacity 8940K, committed 8960K, reserved 1048576K
Event: 12.635 GC heap after
Heap after GC invocations=19 (full 3):
 PSYoungGen      total 1209344K, used 13556K [0x000000076ab00000, 0x00000007bf700000, 0x00000007c0000000)
  eden space 1041408K, 0% used [0x000000076ab00000,0x000000076ab00000,0x00000007aa400000)
  from space 167936K, 8% used [0x00000007b5300000,0x00000007b603d188,0x00000007bf700000)
  to   space 173568K, 0% used [0x00000007aa400000,0x00000007aa400000,0x00000007b4d80000)
 ParOldGen       total 413696K, used 260598K [0x00000006c0000000, 0x00000006d9400000, 0x000000076ab00000)
  object space 413696K, 62% used [0x00000006c0000000,0x00000006cfe7d988,0x00000006d9400000)
 Metaspace       used 52354K, capacity 56557K, committed 56832K, reserved 1097728K
  class space    used 7729K, capacity 8940K, committed 8960K, reserved 1048576K
}

